Nov 22 00:08:11 192 syslogd[137]: ASL Sender Statistics
Nov 22 00:24:34 192 syslogd[137]: ASL Sender Statistics
Nov 22 00:30:05 192 syslogd[137]: Configuration Notice:
	ASL Module "com.apple.cdscheduler" claims selected messages.
	Those messages may not appear in standard system log files or in the ASL database.
Nov 22 00:30:05 192 syslogd[137]: Configuration Notice:
	ASL Module "com.apple.install" claims selected messages.
	Those messages may not appear in standard system log files or in the ASL database.
Nov 22 00:30:05 192 syslogd[137]: Configuration Notice:
	ASL Module "com.apple.authd" sharing output destination "/var/log/asl" with ASL Module "com.apple.asl".
	Output parameters from ASL Module "com.apple.asl" override any specified in ASL Module "com.apple.authd".
Nov 22 00:30:05 192 syslogd[137]: Configuration Notice:
	ASL Module "com.apple.authd" sharing output destination "/var/log/system.log" with ASL Module "com.apple.asl".
	Output parameters from ASL Module "com.apple.asl" override any specified in ASL Module "com.apple.authd".
Nov 22 00:30:05 192 syslogd[137]: Configuration Notice:
	ASL Module "com.apple.authd" claims selected messages.
	Those messages may not appear in standard system log files or in the ASL database.
Nov 22 00:30:05 192 syslogd[137]: Configuration Notice:
	ASL Module "com.apple.eventmonitor" claims selected messages.
	Those messages may not appear in standard system log files or in the ASL database.
Nov 22 00:30:05 192 syslogd[137]: Configuration Notice:
	ASL Module "com.apple.mail" claims selected messages.
	Those messages may not appear in standard system log files or in the ASL database.
Nov 22 00:30:05 192 syslogd[137]: Configuration Notice:
	ASL Module "com.apple.performance" claims selected messages.
	Those messages may not appear in standard system log files or in the ASL database.
Nov 22 00:30:05 192 syslogd[137]: Configuration Notice:
	ASL Module "com.apple.iokit.power" claims selected messages.
	Those messages may not appear in standard system log files or in the ASL database.
Nov 22 00:30:05 192 syslogd[137]: Configuration Notice:
	ASL Module "com.apple.contacts.ContactsAutocomplete" claims selected messages.
	Those messages may not appear in standard system log files or in the ASL database.
Nov 22 00:30:05 192 syslogd[137]: Configuration Notice:
	ASL Module "com.apple.mkb" sharing output destination "/private/var/log/keybagd.log" with ASL Module "com.apple.mkb.internal".
	Output parameters from ASL Module "com.apple.mkb.internal" override any specified in ASL Module "com.apple.mkb".
Nov 22 00:30:05 192 syslogd[137]: Configuration Notice:
	ASL Module "com.apple.mkb" claims selected messages.
	Those messages may not appear in standard system log files or in the ASL database.
Nov 22 00:30:05 192 syslogd[137]: Configuration Notice:
	ASL Module "com.apple.MessageTracer" claims selected messages.
	Those messages may not appear in standard system log files or in the ASL database.
Nov 22 00:39:34 192 syslogd[137]: ASL Sender Statistics
Nov 22 00:50:09 192 syslogd[137]: ASL Sender Statistics
Nov 22 01:09:34 192 syslogd[137]: ASL Sender Statistics
Nov 22 01:21:52 192 syslogd[137]: ASL Sender Statistics
Nov 22 01:38:45 192 syslogd[137]: ASL Sender Statistics
Nov 22 01:56:00 192 syslogd[137]: ASL Sender Statistics
Nov 22 02:12:45 192 syslogd[137]: ASL Sender Statistics
Nov 22 02:29:05 192 syslogd[137]: ASL Sender Statistics
Nov 22 02:45:36 192 syslogd[137]: ASL Sender Statistics
Nov 22 03:03:27 192 syslogd[137]: ASL Sender Statistics
Nov 22 03:21:11 192 syslogd[137]: ASL Sender Statistics
Nov 22 03:38:44 192 syslogd[137]: ASL Sender Statistics
Nov 22 03:55:52 192 syslogd[137]: ASL Sender Statistics
Nov 22 04:11:08 192 syslogd[137]: ASL Sender Statistics
Nov 22 04:26:24 192 syslogd[137]: ASL Sender Statistics
Nov 22 04:44:20 192 syslogd[137]: ASL Sender Statistics
Nov 22 04:59:34 192 syslogd[137]: ASL Sender Statistics
Nov 22 05:17:17 192 syslogd[137]: ASL Sender Statistics
Nov 22 05:35:01 192 syslogd[137]: ASL Sender Statistics
Nov 22 05:50:14 192 syslogd[137]: ASL Sender Statistics
Nov 22 06:06:30 192 syslogd[137]: ASL Sender Statistics
Nov 22 06:21:40 192 syslogd[137]: ASL Sender Statistics
Nov 22 06:38:21 192 syslogd[137]: ASL Sender Statistics
Nov 22 06:54:55 192 syslogd[137]: ASL Sender Statistics
Nov 22 07:12:17 192 syslogd[137]: ASL Sender Statistics
Nov 22 07:27:43 192 syslogd[137]: ASL Sender Statistics
Nov 22 07:43:25 192 syslogd[137]: ASL Sender Statistics
Nov 22 07:53:51 192 syslogd[137]: ASL Sender Statistics
Nov 22 08:17:45 192 syslogd[137]: ASL Sender Statistics
Nov 22 08:32:45 192 syslogd[137]: ASL Sender Statistics
Nov 22 08:45:00 192 syslogd[137]: ASL Sender Statistics
Nov 22 08:55:18 192 syslogd[137]: ASL Sender Statistics
Nov 22 09:07:03 192 syslogd[137]: ASL Sender Statistics
Nov 22 09:21:19 192 syslogd[137]: ASL Sender Statistics
Nov 22 09:31:49 192 syslogd[137]: ASL Sender Statistics
Nov 22 09:42:01 192 syslogd[137]: ASL Sender Statistics
Nov 22 09:55:07 192 syslogd[137]: ASL Sender Statistics
Nov 22 10:05:19 192 syslogd[137]: ASL Sender Statistics
Nov 22 10:17:10 192 syslogd[137]: ASL Sender Statistics
Nov 22 10:28:15 192 syslogd[137]: ASL Sender Statistics
Nov 22 10:33:59 192 awdd[266]: Diagnostics Report
Nov 22 10:34:29 --- last message repeated 1 time ---
Nov 22 10:39:09 192 syslogd[137]: ASL Sender Statistics
Nov 22 10:50:09 192 syslogd[137]: ASL Sender Statistics
Nov 22 11:00:22 192 syslogd[137]: ASL Sender Statistics
Nov 22 11:11:09 192 syslogd[137]: ASL Sender Statistics
Nov 22 11:22:09 192 syslogd[137]: ASL Sender Statistics
Nov 22 11:32:09 192 syslogd[137]: ASL Sender Statistics
Nov 22 11:43:09 192 syslogd[137]: ASL Sender Statistics
Nov 22 11:53:47 192 syslogd[137]: ASL Sender Statistics
Nov 22 12:04:00 192 syslogd[137]: ASL Sender Statistics
Nov 22 12:16:39 192 syslogd[137]: ASL Sender Statistics
Nov 22 12:24:15 192 login[4579]: USER_PROCESS: 4579 ttys000
Nov 22 12:28:25 192 syslogd[137]: ASL Sender Statistics
Nov 22 12:43:25 192 syslogd[137]: ASL Sender Statistics
Nov 22 12:58:25 192 syslogd[137]: ASL Sender Statistics
Nov 22 13:13:25 192 syslogd[137]: ASL Sender Statistics
Nov 22 13:13:58 192 login[7116]: USER_PROCESS: 7116 ttys001
Nov 22 13:24:23 192 syslogd[137]: ASL Sender Statistics
Nov 22 13:43:25 192 syslogd[137]: ASL Sender Statistics
Nov 22 13:58:25 192 syslogd[137]: ASL Sender Statistics
Nov 22 14:07:58 192 login[4579]: DEAD_PROCESS: 4579 ttys000
Nov 22 14:07:58 192 login[7116]: DEAD_PROCESS: 7116 ttys001
Nov 22 14:09:06 192 syslogd[137]: ASL Sender Statistics
Nov 22 14:19:48 192 syslogd[137]: ASL Sender Statistics
Nov 22 14:31:57 192 syslogd[137]: ASL Sender Statistics
Nov 22 14:42:45 192 syslogd[137]: ASL Sender Statistics
Nov 22 14:54:19 192 syslogd[137]: ASL Sender Statistics
Nov 22 15:04:24 192 syslogd[137]: ASL Sender Statistics
Nov 22 15:14:29 192 syslogd[137]: ASL Sender Statistics
Nov 22 15:24:56 192 syslogd[137]: ASL Sender Statistics
Nov 22 15:35:23 192 syslogd[137]: ASL Sender Statistics
Nov 22 15:49:40 192 syslogd[137]: ASL Sender Statistics
Nov 22 16:01:07 192 syslogd[137]: ASL Sender Statistics
Nov 22 16:11:53 192 syslogd[137]: ASL Sender Statistics
Nov 22 16:22:27 192 syslogd[137]: ASL Sender Statistics
Nov 22 16:33:40 192 syslogd[137]: ASL Sender Statistics
Nov 22 16:44:50 192 syslogd[137]: ASL Sender Statistics
Nov 22 16:58:25 192 syslogd[137]: ASL Sender Statistics
Nov 22 17:13:25 192 syslogd[137]: ASL Sender Statistics
Nov 22 17:26:04 192 syslogd[137]: ASL Sender Statistics
Nov 22 17:36:04 192 syslogd[137]: ASL Sender Statistics
Nov 22 17:48:00 192 syslogd[137]: ASL Sender Statistics
Nov 22 17:58:25 192 syslogd[137]: ASL Sender Statistics
Nov 22 18:13:25 192 syslogd[137]: ASL Sender Statistics
Nov 22 18:25:00 192 syslogd[137]: ASL Sender Statistics
Nov 22 18:43:25 192 syslogd[137]: ASL Sender Statistics
Nov 22 18:54:18 192 syslogd[137]: ASL Sender Statistics
Nov 22 19:04:36 192 syslogd[137]: ASL Sender Statistics
Nov 22 19:19:23 192 syslogd[137]: ASL Sender Statistics
Nov 22 19:35:48 192 syslogd[137]: ASL Sender Statistics
Nov 22 19:50:48 192 syslogd[137]: ASL Sender Statistics
Nov 22 19:53:05 192 login[11514]: USER_PROCESS: 11514 ttys000
Nov 22 19:53:09 192 login[11514]: DEAD_PROCESS: 11514 ttys000
Nov 22 19:59:49 192 login[11900]: USER_PROCESS: 11900 ttys000
Nov 22 20:03:36 192 syslogd[137]: ASL Sender Statistics
Nov 22 20:14:36 192 syslogd[137]: ASL Sender Statistics
Nov 22 20:24:36 192 syslogd[137]: ASL Sender Statistics
Nov 22 20:35:23 192 syslogd[137]: ASL Sender Statistics
Nov 22 20:47:34 192 syslogd[137]: ASL Sender Statistics
Nov 22 20:58:25 192 syslogd[137]: ASL Sender Statistics
